17:16:37.270 INFO  o.h.validator.internal.util.Version - HV000001: Hibernate Validator 6.2.0.Final
17:16:37.285 INFO  recipes.RecipesApplication - Starting RecipesApplication using Java 17.0.2 on DESKTOP-RQVHC9S with PID 7616 (started by Nik in C:\Users\Nik\IdeaProjects\Recipes3\Recipes\task)
17:16:37.285 INFO  recipes.RecipesApplication - No active profile set, falling back to default profiles: default
17:16:38.516 INFO  o.s.d.r.c.RepositoryConfigurationDelegate - Bootstrapping Spring Data JPA repositories in DEFAULT mode.
17:16:38.596 INFO  o.s.d.r.c.RepositoryConfigurationDelegate - Finished Spring Data repository scanning in 69 ms. Found 2 JPA repository interfaces.
17:16:39.422 INFO  o.s.b.w.e.tomcat.TomcatWebServer - Tomcat initialized with port(s): 8081 (http)
17:16:39.449 INFO  o.a.coyote.http11.Http11NioProtocol - Initializing ProtocolHandler ["http-nio-8081"]
17:16:39.450 INFO  o.a.catalina.core.StandardService - Starting service [Tomcat]
17:16:39.450 INFO  o.a.catalina.core.StandardEngine - Starting Servlet engine: [Apache Tomcat/9.0.54]
17:16:39.585 INFO  o.a.c.c.C.[Tomcat].[localhost].[/] - Initializing Spring embedded WebApplicationContext
17:16:39.585 INFO  o.s.b.w.s.c.ServletWebServerApplicationContext - Root WebApplicationContext: initialization completed in 2236 ms
17:16:39.752 INFO  com.zaxxer.hikari.HikariDataSource - HikariPool-1 - Starting...
17:16:40.001 INFO  com.zaxxer.hikari.HikariDataSource - HikariPool-1 - Start completed.
17:16:40.010 INFO  o.s.b.a.h.H2ConsoleAutoConfiguration - H2 console available at '/h2-console'. Database available at 'jdbc:h2:file:../recipes_db'
17:16:40.214 INFO  o.h.jpa.internal.util.LogHelper - HHH000204: Processing PersistenceUnitInfo [name: default]
17:16:40.291 INFO  org.hibernate.Version - HHH000412: Hibernate ORM core version 5.4.32.Final
17:16:40.498 INFO  o.h.annotations.common.Version - HCANN000001: Hibernate Commons Annotations {5.1.2.Final}
17:16:40.680 INFO  org.hibernate.dialect.Dialect - HHH000400: Using dialect: org.hibernate.dialect.H2Dialect
17:16:41.601 INFO  o.h.e.t.j.p.i.JtaPlatformInitiator - HHH000490: Using JtaPlatform implementation: [org.hibernate.engine.transaction.jta.platform.internal.NoJtaPlatform]
17:16:41.618 INFO  o.s.o.j.LocalContainerEntityManagerFactoryBean - Initialized JPA EntityManagerFactory for persistence unit 'default'
17:16:42.108 WARN  o.s.b.a.o.j.JpaBaseConfiguration$JpaWebConfiguration - spring.jpa.open-in-view is enabled by default. Therefore, database queries may be performed during view rendering. Explicitly configure spring.jpa.open-in-view to disable this warning
17:16:42.599 INFO  o.s.b.a.e.web.EndpointLinksResolver - Exposing 14 endpoint(s) beneath base path '/actuator'
17:16:42.663 INFO  o.s.s.web.DefaultSecurityFilterChain - Will secure any request with [org.springframework.security.web.context.request.async.WebAsyncManagerIntegrationFilter@4131f6db, org.springframework.security.web.context.SecurityContextPersistenceFilter@10264cb0, org.springframework.security.web.header.HeaderWriterFilter@d8cece4, org.springframework.security.web.authentication.logout.LogoutFilter@4981b83, org.springframework.security.web.authentication.www.BasicAuthenticationFilter@299cddbf, org.springframework.security.web.savedrequest.RequestCacheAwareFilter@49bf5ec8, org.springframework.security.web.servletapi.SecurityContextHolderAwareRequestFilter@649a6d88, org.springframework.security.web.authentication.AnonymousAuthenticationFilter@5cdf61d, org.springframework.security.web.session.SessionManagementFilter@48e3017a, org.springframework.security.web.access.ExceptionTranslationFilter@2cbae0f1, org.springframework.security.web.access.intercept.FilterSecurityInterceptor@7f69c4c0]
17:16:42.910 INFO  o.a.coyote.http11.Http11NioProtocol - Starting ProtocolHandler ["http-nio-8081"]
17:16:42.913 WARN  o.s.b.w.s.c.AnnotationConfigServletWebServerApplicationContext - Exception encountered during context initialization - cancelling refresh attempt: org.springframework.context.ApplicationContextException: Failed to start bean 'webServerStartStop'; nested exception is org.springframework.boot.web.server.PortInUseException: Port 8081 is already in use
17:16:42.917 INFO  o.s.o.j.LocalContainerEntityManagerFactoryBean - Closing JPA EntityManagerFactory for persistence unit 'default'
17:16:42.919 INFO  com.zaxxer.hikari.HikariDataSource - HikariPool-1 - Shutdown initiated...
17:16:42.966 INFO  com.zaxxer.hikari.HikariDataSource - HikariPool-1 - Shutdown completed.
17:16:42.971 INFO  o.a.coyote.http11.Http11NioProtocol - Pausing ProtocolHandler ["http-nio-8081"]
17:16:42.971 INFO  o.a.catalina.core.StandardService - Stopping service [Tomcat]
17:16:42.988 INFO  o.a.coyote.http11.Http11NioProtocol - Stopping ProtocolHandler ["http-nio-8081"]
17:16:42.988 INFO  o.a.coyote.http11.Http11NioProtocol - Destroying ProtocolHandler ["http-nio-8081"]
17:16:43.001 INFO  o.s.b.a.l.ConditionEvaluationReportLoggingListener - 

Error starting ApplicationContext. To display the conditions report re-run your application with 'debug' enabled.
17:16:43.020 ERROR o.s.b.d.LoggingFailureAnalysisReporter - 

***************************
APPLICATION FAILED TO START
***************************

Description:

Web server failed to start. Port 8081 was already in use.

Action:

Identify and stop the process that's listening on port 8081 or configure this application to listen on another port.

17:17:04.594 INFO  o.h.validator.internal.util.Version - HV000001: Hibernate Validator 6.2.0.Final
17:17:04.603 INFO  recipes.RecipesApplication - Starting RecipesApplication using Java 17.0.2 on DESKTOP-RQVHC9S with PID 9600 (started by Nik in C:\Users\Nik\IdeaProjects\Recipes3\Recipes\task)
17:17:04.603 INFO  recipes.RecipesApplication - No active profile set, falling back to default profiles: default
17:17:05.745 INFO  o.s.d.r.c.RepositoryConfigurationDelegate - Bootstrapping Spring Data JPA repositories in DEFAULT mode.
17:17:05.816 INFO  o.s.d.r.c.RepositoryConfigurationDelegate - Finished Spring Data repository scanning in 60 ms. Found 2 JPA repository interfaces.
17:17:06.557 INFO  o.s.b.w.e.tomcat.TomcatWebServer - Tomcat initialized with port(s): 8081 (http)
17:17:06.569 INFO  o.a.coyote.http11.Http11NioProtocol - Initializing ProtocolHandler ["http-nio-8081"]
17:17:06.570 INFO  o.a.catalina.core.StandardService - Starting service [Tomcat]
17:17:06.570 INFO  o.a.catalina.core.StandardEngine - Starting Servlet engine: [Apache Tomcat/9.0.54]
17:17:06.687 INFO  o.a.c.c.C.[Tomcat].[localhost].[/] - Initializing Spring embedded WebApplicationContext
17:17:06.687 INFO  o.s.b.w.s.c.ServletWebServerApplicationContext - Root WebApplicationContext: initialization completed in 2032 ms
17:17:06.838 INFO  com.zaxxer.hikari.HikariDataSource - HikariPool-1 - Starting...
17:17:07.084 INFO  com.zaxxer.hikari.HikariDataSource - HikariPool-1 - Start completed.
17:17:07.095 INFO  o.s.b.a.h.H2ConsoleAutoConfiguration - H2 console available at '/h2-console'. Database available at 'jdbc:h2:file:../recipes_db'
17:17:07.294 INFO  o.h.jpa.internal.util.LogHelper - HHH000204: Processing PersistenceUnitInfo [name: default]
17:17:07.368 INFO  org.hibernate.Version - HHH000412: Hibernate ORM core version 5.4.32.Final
17:17:07.575 INFO  o.h.annotations.common.Version - HCANN000001: Hibernate Commons Annotations {5.1.2.Final}
17:17:07.742 INFO  org.hibernate.dialect.Dialect - HHH000400: Using dialect: org.hibernate.dialect.H2Dialect
17:17:08.658 INFO  o.h.e.t.j.p.i.JtaPlatformInitiator - HHH000490: Using JtaPlatform implementation: [org.hibernate.engine.transaction.jta.platform.internal.NoJtaPlatform]
17:17:08.671 INFO  o.s.o.j.LocalContainerEntityManagerFactoryBean - Initialized JPA EntityManagerFactory for persistence unit 'default'
17:17:09.137 WARN  o.s.b.a.o.j.JpaBaseConfiguration$JpaWebConfiguration - spring.jpa.open-in-view is enabled by default. Therefore, database queries may be performed during view rendering. Explicitly configure spring.jpa.open-in-view to disable this warning
17:17:09.665 INFO  o.s.b.a.e.web.EndpointLinksResolver - Exposing 14 endpoint(s) beneath base path '/actuator'
17:17:09.735 INFO  o.s.s.web.DefaultSecurityFilterChain - Will secure any request with [org.springframework.security.web.context.request.async.WebAsyncManagerIntegrationFilter@4509414e, org.springframework.security.web.context.SecurityContextPersistenceFilter@49bf5ec8, org.springframework.security.web.header.HeaderWriterFilter@2e9f5499, org.springframework.security.web.authentication.logout.LogoutFilter@2ef812b, org.springframework.security.web.authentication.www.BasicAuthenticationFilter@13da6bc9, org.springframework.security.web.savedrequest.RequestCacheAwareFilter@3af6d7a7, org.springframework.security.web.servletapi.SecurityContextHolderAwareRequestFilter@55c78556, org.springframework.security.web.authentication.AnonymousAuthenticationFilter@36e9794c, org.springframework.security.web.session.SessionManagementFilter@10264cb0, org.springframework.security.web.access.ExceptionTranslationFilter@d8cece4, org.springframework.security.web.access.intercept.FilterSecurityInterceptor@1cdb290c]
17:17:09.997 INFO  o.a.coyote.http11.Http11NioProtocol - Starting ProtocolHandler ["http-nio-8081"]
17:17:10.063 INFO  o.s.b.w.e.tomcat.TomcatWebServer - Tomcat started on port(s): 8081 (http) with context path ''
17:17:10.081 INFO  recipes.RecipesApplication - Started RecipesApplication in 5.846 seconds (JVM running for 6.831)
17:17:10.650 INFO  o.a.c.c.C.[Tomcat].[localhost].[/] - Initializing Spring DispatcherServlet 'dispatcherServlet'
17:17:10.650 INFO  o.s.web.servlet.DispatcherServlet - Initializing Servlet 'dispatcherServlet'
17:17:10.651 INFO  o.s.web.servlet.DispatcherServlet - Completed initialization in 1 ms
17:17:11.097 INFO  r.controller.RegistrationController - LoginTest1@test.com has been registered
17:17:11.234 INFO  r.controller.RegistrationController - LoginTest2@test.com has been registered
17:17:11.312 INFO  r.controller.RegistrationController - LoginTest3@test.com has been registered
17:17:11.341 WARN  o.s.w.s.m.s.DefaultHandlerExceptionResolver - Resolved [org.springframework.web.bind.MethodArgumentNotValidException: Validation failed for argument [0] in public org.springframework.http.ResponseEntity<?> recipes.controller.RegistrationController.registerUser(recipes.model.businessLayer.user.User): [Field error in object 'user' on field 'email': rejected value [Test3@testcom]; codes [Pattern.user.email,Pattern.email,Pattern.java.lang.String,Pattern]; arguments [org.springframework.context.support.DefaultMessageSourceResolvable: codes [user.email,email]; arguments []; default message [email],[Ljavax.validation.constraints.Pattern$Flag;@517e0a0e,.+@.+\..+]; default message [must match ".+@.+\..+"]] ]
17:17:11.353 WARN  o.s.w.s.m.s.DefaultHandlerExceptionResolver - Resolved [org.springframework.web.bind.MethodArgumentNotValidException: Validation failed for argument [0] in public org.springframework.http.ResponseEntity<?> recipes.controller.RegistrationController.registerUser(recipes.model.businessLayer.user.User): [Field error in object 'user' on field 'email': rejected value [Test4test.com]; codes [Pattern.user.email,Pattern.email,Pattern.java.lang.String,Pattern]; arguments [org.springframework.context.support.DefaultMessageSourceResolvable: codes [user.email,email]; arguments []; default message [email],[Ljavax.validation.constraints.Pattern$Flag;@517e0a0e,.+@.+\..+]; default message [must match ".+@.+\..+"]] ]
17:17:11.364 WARN  o.s.w.s.m.s.DefaultHandlerExceptionResolver - Resolved [org.springframework.web.bind.MethodArgumentNotValidException: Validation failed for argument [0] in public org.springframework.http.ResponseEntity<?> recipes.controller.RegistrationController.registerUser(recipes.model.businessLayer.user.User): [Field error in object 'user' on field 'password': rejected value [Test555]; codes [Size.user.password,Size.password,Size.java.lang.String,Size]; arguments [org.springframework.context.support.DefaultMessageSourceResolvable: codes [user.password,password]; arguments []; default message [password],2147483647,8]; default message [size must be between 8 and 2147483647]] ]
17:17:11.373 WARN  o.s.w.s.m.s.DefaultHandlerExceptionResolver - Resolved [org.springframework.web.bind.MethodArgumentNotValidException: Validation failed for argument [0] in public org.springframework.http.ResponseEntity<?> recipes.controller.RegistrationController.registerUser(recipes.model.businessLayer.user.User): [Field error in object 'user' on field 'password': rejected value [        ]; codes [NotBlank.user.password,NotBlank.password,NotBlank.java.lang.String,NotBlank]; arguments [org.springframework.context.support.DefaultMessageSourceResolvable: codes [user.password,password]; arguments []; default message [password]]; default message [must not be blank]] ]
17:17:12.448 INFO  o.s.o.j.LocalContainerEntityManagerFactoryBean - Closing JPA EntityManagerFactory for persistence unit 'default'
17:17:12.450 INFO  com.zaxxer.hikari.HikariDataSource - HikariPool-1 - Shutdown initiated...
17:17:12.695 INFO  com.zaxxer.hikari.HikariDataSource - HikariPool-1 - Shutdown completed.
17:17:23.121 INFO  recipes.RecipesApplication - Starting RecipesApplication using Java 17.0.2 on DESKTOP-RQVHC9S with PID 9600 (started by Nik in C:\Users\Nik\IdeaProjects\Recipes3\Recipes\task)
17:17:23.122 INFO  recipes.RecipesApplication - No active profile set, falling back to default profiles: default
17:17:23.445 INFO  o.s.d.r.c.RepositoryConfigurationDelegate - Bootstrapping Spring Data JPA repositories in DEFAULT mode.
17:17:23.464 INFO  o.s.d.r.c.RepositoryConfigurationDelegate - Finished Spring Data repository scanning in 18 ms. Found 2 JPA repository interfaces.
17:17:23.559 INFO  o.s.b.w.e.tomcat.TomcatWebServer - Tomcat initialized with port(s): 8081 (http)
17:17:23.560 INFO  o.a.coyote.http11.Http11NioProtocol - Initializing ProtocolHandler ["http-nio-8081"]
17:17:23.560 INFO  o.a.catalina.core.StandardService - Starting service [Tomcat]
17:17:23.560 INFO  o.a.catalina.core.StandardEngine - Starting Servlet engine: [Apache Tomcat/9.0.54]
17:17:23.593 INFO  o.a.c.c.C.[Tomcat].[localhost].[/] - Initializing Spring embedded WebApplicationContext
17:17:23.594 INFO  o.s.b.w.s.c.ServletWebServerApplicationContext - Root WebApplicationContext: initialization completed in 469 ms
17:17:23.633 INFO  com.zaxxer.hikari.HikariDataSource - HikariPool-2 - Starting...
17:17:23.649 INFO  com.zaxxer.hikari.HikariDataSource - HikariPool-2 - Start completed.
17:17:23.649 INFO  o.s.b.a.h.H2ConsoleAutoConfiguration - H2 console available at '/h2-console'. Database available at 'jdbc:h2:file:../recipes_db'
17:17:23.698 INFO  o.h.jpa.internal.util.LogHelper - HHH000204: Processing PersistenceUnitInfo [name: default]
17:17:23.707 INFO  org.hibernate.dialect.Dialect - HHH000400: Using dialect: org.hibernate.dialect.H2Dialect
17:17:23.803 INFO  o.h.e.t.j.p.i.JtaPlatformInitiator - HHH000490: Using JtaPlatform implementation: [org.hibernate.engine.transaction.jta.platform.internal.NoJtaPlatform]
17:17:23.803 INFO  o.s.o.j.LocalContainerEntityManagerFactoryBean - Initialized JPA EntityManagerFactory for persistence unit 'default'
17:17:23.898 WARN  o.s.b.a.o.j.JpaBaseConfiguration$JpaWebConfiguration - spring.jpa.open-in-view is enabled by default. Therefore, database queries may be performed during view rendering. Explicitly configure spring.jpa.open-in-view to disable this warning
17:17:24.034 INFO  o.s.b.a.e.web.EndpointLinksResolver - Exposing 14 endpoint(s) beneath base path '/actuator'
17:17:24.045 INFO  o.s.s.web.DefaultSecurityFilterChain - Will secure any request with [org.springframework.security.web.context.request.async.WebAsyncManagerIntegrationFilter@4973dacf, org.springframework.security.web.context.SecurityContextPersistenceFilter@5297030e, org.springframework.security.web.header.HeaderWriterFilter@511ba9c9, org.springframework.security.web.authentication.logout.LogoutFilter@7b237c2c, org.springframework.security.web.authentication.www.BasicAuthenticationFilter@1ee37c7a, org.springframework.security.web.savedrequest.RequestCacheAwareFilter@7fcc8d9f, org.springframework.security.web.servletapi.SecurityContextHolderAwareRequestFilter@7315264e, org.springframework.security.web.authentication.AnonymousAuthenticationFilter@5cb42eb2, org.springframework.security.web.session.SessionManagementFilter@3debeb5e, org.springframework.security.web.access.ExceptionTranslationFilter@1227ea21, org.springframework.security.web.access.intercept.FilterSecurityInterceptor@38293d23]
17:17:24.128 INFO  o.a.coyote.http11.Http11NioProtocol - Starting ProtocolHandler ["http-nio-8081"]
17:17:24.131 INFO  o.s.b.w.e.tomcat.TomcatWebServer - Tomcat started on port(s): 8081 (http) with context path ''
17:17:24.136 INFO  recipes.RecipesApplication - Started RecipesApplication in 1.048 seconds (JVM running for 20.887)
17:17:24.144 INFO  o.a.c.c.C.[Tomcat].[localhost].[/] - Initializing Spring DispatcherServlet 'dispatcherServlet'
17:17:24.144 INFO  o.s.web.servlet.DispatcherServlet - Initializing Servlet 'dispatcherServlet'
17:17:24.145 INFO  o.s.web.servlet.DispatcherServlet - Completed initialization in 1 ms
17:17:26.839 WARN  o.s.w.s.m.s.DefaultHandlerExceptionResolver - Resolved [org.springframework.web.bind.MethodArgumentNotValidException: Validation failed for argument [1] in public org.springframework.http.ResponseEntity<java.util.Map<java.lang.String, ?>> recipes.controller.ApiController.addRecipe(javax.servlet.http.HttpServletRequest,recipes.model.businessLayer.recipe.Recipe): [Field error in object 'recipe' on field 'name': rejected value [null]; codes [NotBlank.recipe.name,NotBlank.name,NotBlank.java.lang.String,NotBlank]; arguments [org.springframework.context.support.DefaultMessageSourceResolvable: codes [recipe.name,name]; arguments []; default message [name]]; default message [must not be blank]] ]
17:17:26.913 WARN  o.s.w.s.m.s.DefaultHandlerExceptionResolver - Resolved [org.springframework.web.bind.MethodArgumentNotValidException: Validation failed for argument [1] in public org.springframework.http.ResponseEntity<java.util.Map<java.lang.String, ?>> recipes.controller.ApiController.addRecipe(javax.servlet.http.HttpServletRequest,recipes.model.businessLayer.recipe.Recipe): [Field error in object 'recipe' on field 'category': rejected value [null]; codes [NotBlank.recipe.category,NotBlank.category,NotBlank.java.lang.String,NotBlank]; arguments [org.springframework.context.support.DefaultMessageSourceResolvable: codes [recipe.category,category]; arguments []; default message [category]]; default message [must not be blank]] ]
17:17:26.985 WARN  o.s.w.s.m.s.DefaultHandlerExceptionResolver - Resolved [org.springframework.web.bind.MethodArgumentNotValidException: Validation failed for argument [1] in public org.springframework.http.ResponseEntity<java.util.Map<java.lang.String, ?>> recipes.controller.ApiController.addRecipe(javax.servlet.http.HttpServletRequest,recipes.model.businessLayer.recipe.Recipe): [Field error in object 'recipe' on field 'description': rejected value [null]; codes [NotBlank.recipe.description,NotBlank.description,NotBlank.java.lang.String,NotBlank]; arguments [org.springframework.context.support.DefaultMessageSourceResolvable: codes [recipe.description,description]; arguments []; default message [description]]; default message [must not be blank]] ]
17:17:27.059 WARN  o.s.w.s.m.s.DefaultHandlerExceptionResolver - Resolved [org.springframework.web.bind.MethodArgumentNotValidException: Validation failed for argument [1] in public org.springframework.http.ResponseEntity<java.util.Map<java.lang.String, ?>> recipes.controller.ApiController.addRecipe(javax.servlet.http.HttpServletRequest,recipes.model.businessLayer.recipe.Recipe): [Field error in object 'recipe' on field 'ingredientsList': rejected value [null]; codes [NotEmpty.recipe.ingredientsList,NotEmpty.ingredientsList,NotEmpty.java.util.List,NotEmpty]; arguments [org.springframework.context.support.DefaultMessageSourceResolvable: codes [recipe.ingredientsList,ingredientsList]; arguments []; default message [ingredientsList]]; default message [must not be empty]] ]
17:17:27.132 WARN  o.s.w.s.m.s.DefaultHandlerExceptionResolver - Resolved [org.springframework.web.bind.MethodArgumentNotValidException: Validation failed for argument [1] in public org.springframework.http.ResponseEntity<java.util.Map<java.lang.String, ?>> recipes.controller.ApiController.addRecipe(javax.servlet.http.HttpServletRequest,recipes.model.businessLayer.recipe.Recipe): [Field error in object 'recipe' on field 'directionsList': rejected value [null]; codes [NotEmpty.recipe.directionsList,NotEmpty.directionsList,NotEmpty.java.util.List,NotEmpty]; arguments [org.springframework.context.support.DefaultMessageSourceResolvable: codes [recipe.directionsList,directionsList]; arguments []; default message [directionsList]]; default message [must not be empty]] ]
17:17:27.256 WARN  o.s.w.s.m.s.DefaultHandlerExceptionResolver - Resolved [org.springframework.web.bind.MethodArgumentNotValidException: Validation failed for argument [1] in public org.springframework.http.ResponseEntity<java.util.Map<java.lang.String, ?>> recipes.controller.ApiController.addRecipe(javax.servlet.http.HttpServletRequest,recipes.model.businessLayer.recipe.Recipe): [Field error in object 'recipe' on field 'name': rejected value [  ]; codes [NotBlank.recipe.name,NotBlank.name,NotBlank.java.lang.String,NotBlank]; arguments [org.springframework.context.support.DefaultMessageSourceResolvable: codes [recipe.name,name]; arguments []; default message [name]]; default message [must not be blank]] ]
17:17:27.328 WARN  o.s.w.s.m.s.DefaultHandlerExceptionResolver - Resolved [org.springframework.web.bind.MethodArgumentNotValidException: Validation failed for argument [1] in public org.springframework.http.ResponseEntity<java.util.Map<java.lang.String, ?>> recipes.controller.ApiController.addRecipe(javax.servlet.http.HttpServletRequest,recipes.model.businessLayer.recipe.Recipe): [Field error in object 'recipe' on field 'category': rejected value [  ]; codes [NotBlank.recipe.category,NotBlank.category,NotBlank.java.lang.String,NotBlank]; arguments [org.springframework.context.support.DefaultMessageSourceResolvable: codes [recipe.category,category]; arguments []; default message [category]]; default message [must not be blank]] ]
17:17:27.402 WARN  o.s.w.s.m.s.DefaultHandlerExceptionResolver - Resolved [org.springframework.web.bind.MethodArgumentNotValidException: Validation failed for argument [1] in public org.springframework.http.ResponseEntity<java.util.Map<java.lang.String, ?>> recipes.controller.ApiController.addRecipe(javax.servlet.http.HttpServletRequest,recipes.model.businessLayer.recipe.Recipe): [Field error in object 'recipe' on field 'description': rejected value [  ]; codes [NotBlank.recipe.description,NotBlank.description,NotBlank.java.lang.String,NotBlank]; arguments [org.springframework.context.support.DefaultMessageSourceResolvable: codes [recipe.description,description]; arguments []; default message [description]]; default message [must not be blank]] ]
17:17:27.477 WARN  o.s.w.s.m.s.DefaultHandlerExceptionResolver - Resolved [org.springframework.web.bind.MethodArgumentNotValidException: Validation failed for argument [1] in public org.springframework.http.ResponseEntity<java.util.Map<java.lang.String, ?>> recipes.controller.ApiController.addRecipe(javax.servlet.http.HttpServletRequest,recipes.model.businessLayer.recipe.Recipe): [Field error in object 'recipe' on field 'ingredientsList': rejected value [[]]; codes [NotEmpty.recipe.ingredientsList,NotEmpty.ingredientsList,NotEmpty.java.util.List,NotEmpty]; arguments [org.springframework.context.support.DefaultMessageSourceResolvable: codes [recipe.ingredientsList,ingredientsList]; arguments []; default message [ingredientsList]]; default message [must not be empty]] ]
17:17:27.550 WARN  o.s.w.s.m.s.DefaultHandlerExceptionResolver - Resolved [org.springframework.web.bind.MethodArgumentNotValidException: Validation failed for argument [1] in public org.springframework.http.ResponseEntity<java.util.Map<java.lang.String, ?>> recipes.controller.ApiController.addRecipe(javax.servlet.http.HttpServletRequest,recipes.model.businessLayer.recipe.Recipe): [Field error in object 'recipe' on field 'directionsList': rejected value [[]]; codes [NotEmpty.recipe.directionsList,NotEmpty.directionsList,NotEmpty.java.util.List,NotEmpty]; arguments [org.springframework.context.support.DefaultMessageSourceResolvable: codes [recipe.directionsList,directionsList]; arguments []; default message [directionsList]]; default message [must not be empty]] ]
17:17:27.622 WARN  o.s.w.s.m.s.DefaultHandlerExceptionResolver - Resolved [org.springframework.web.bind.MethodArgumentNotValidException: Validation failed for argument [2] in public org.springframework.http.ResponseEntity<?> recipes.controller.ApiController.updateRecipe(javax.servlet.http.HttpServletRequest,long,recipes.model.businessLayer.recipe.Recipe): [Field error in object 'recipe' on field 'name': rejected value [null]; codes [NotBlank.recipe.name,NotBlank.name,NotBlank.java.lang.String,NotBlank]; arguments [org.springframework.context.support.DefaultMessageSourceResolvable: codes [recipe.name,name]; arguments []; default message [name]]; default message [must not be blank]] ]
17:17:27.696 WARN  o.s.w.s.m.s.DefaultHandlerExceptionResolver - Resolved [org.springframework.web.bind.MethodArgumentNotValidException: Validation failed for argument [2] in public org.springframework.http.ResponseEntity<?> recipes.controller.ApiController.updateRecipe(javax.servlet.http.HttpServletRequest,long,recipes.model.businessLayer.recipe.Recipe): [Field error in object 'recipe' on field 'category': rejected value [null]; codes [NotBlank.recipe.category,NotBlank.category,NotBlank.java.lang.String,NotBlank]; arguments [org.springframework.context.support.DefaultMessageSourceResolvable: codes [recipe.category,category]; arguments []; default message [category]]; default message [must not be blank]] ]
17:17:27.770 WARN  o.s.w.s.m.s.DefaultHandlerExceptionResolver - Resolved [org.springframework.web.bind.MethodArgumentNotValidException: Validation failed for argument [2] in public org.springframework.http.ResponseEntity<?> recipes.controller.ApiController.updateRecipe(javax.servlet.http.HttpServletRequest,long,recipes.model.businessLayer.recipe.Recipe): [Field error in object 'recipe' on field 'description': rejected value [null]; codes [NotBlank.recipe.description,NotBlank.description,NotBlank.java.lang.String,NotBlank]; arguments [org.springframework.context.support.DefaultMessageSourceResolvable: codes [recipe.description,description]; arguments []; default message [description]]; default message [must not be blank]] ]
17:17:27.843 WARN  o.s.w.s.m.s.DefaultHandlerExceptionResolver - Resolved [org.springframework.web.bind.MethodArgumentNotValidException: Validation failed for argument [2] in public org.springframework.http.ResponseEntity<?> recipes.controller.ApiController.updateRecipe(javax.servlet.http.HttpServletRequest,long,recipes.model.businessLayer.recipe.Recipe): [Field error in object 'recipe' on field 'ingredientsList': rejected value [null]; codes [NotEmpty.recipe.ingredientsList,NotEmpty.ingredientsList,NotEmpty.java.util.List,NotEmpty]; arguments [org.springframework.context.support.DefaultMessageSourceResolvable: codes [recipe.ingredientsList,ingredientsList]; arguments []; default message [ingredientsList]]; default message [must not be empty]] ]
17:17:27.918 WARN  o.s.w.s.m.s.DefaultHandlerExceptionResolver - Resolved [org.springframework.web.bind.MethodArgumentNotValidException: Validation failed for argument [2] in public org.springframework.http.ResponseEntity<?> recipes.controller.ApiController.updateRecipe(javax.servlet.http.HttpServletRequest,long,recipes.model.businessLayer.recipe.Recipe): [Field error in object 'recipe' on field 'directionsList': rejected value [null]; codes [NotEmpty.recipe.directionsList,NotEmpty.directionsList,NotEmpty.java.util.List,NotEmpty]; arguments [org.springframework.context.support.DefaultMessageSourceResolvable: codes [recipe.directionsList,directionsList]; arguments []; default message [directionsList]]; default message [must not be empty]] ]
17:17:27.992 WARN  o.s.w.s.m.s.DefaultHandlerExceptionResolver - Resolved [org.springframework.web.bind.MethodArgumentNotValidException: Validation failed for argument [2] in public org.springframework.http.ResponseEntity<?> recipes.controller.ApiController.updateRecipe(javax.servlet.http.HttpServletRequest,long,recipes.model.businessLayer.recipe.Recipe): [Field error in object 'recipe' on field 'name': rejected value [  ]; codes [NotBlank.recipe.name,NotBlank.name,NotBlank.java.lang.String,NotBlank]; arguments [org.springframework.context.support.DefaultMessageSourceResolvable: codes [recipe.name,name]; arguments []; default message [name]]; default message [must not be blank]] ]
17:17:28.065 WARN  o.s.w.s.m.s.DefaultHandlerExceptionResolver - Resolved [org.springframework.web.bind.MethodArgumentNotValidException: Validation failed for argument [2] in public org.springframework.http.ResponseEntity<?> recipes.controller.ApiController.updateRecipe(javax.servlet.http.HttpServletRequest,long,recipes.model.businessLayer.recipe.Recipe): [Field error in object 'recipe' on field 'category': rejected value [  ]; codes [NotBlank.recipe.category,NotBlank.category,NotBlank.java.lang.String,NotBlank]; arguments [org.springframework.context.support.DefaultMessageSourceResolvable: codes [recipe.category,category]; arguments []; default message [category]]; default message [must not be blank]] ]
17:17:28.140 WARN  o.s.w.s.m.s.DefaultHandlerExceptionResolver - Resolved [org.springframework.web.bind.MethodArgumentNotValidException: Validation failed for argument [2] in public org.springframework.http.ResponseEntity<?> recipes.controller.ApiController.updateRecipe(javax.servlet.http.HttpServletRequest,long,recipes.model.businessLayer.recipe.Recipe): [Field error in object 'recipe' on field 'description': rejected value [  ]; codes [NotBlank.recipe.description,NotBlank.description,NotBlank.java.lang.String,NotBlank]; arguments [org.springframework.context.support.DefaultMessageSourceResolvable: codes [recipe.description,description]; arguments []; default message [description]]; default message [must not be blank]] ]
17:17:28.214 WARN  o.s.w.s.m.s.DefaultHandlerExceptionResolver - Resolved [org.springframework.web.bind.MethodArgumentNotValidException: Validation failed for argument [2] in public org.springframework.http.ResponseEntity<?> recipes.controller.ApiController.updateRecipe(javax.servlet.http.HttpServletRequest,long,recipes.model.businessLayer.recipe.Recipe): [Field error in object 'recipe' on field 'ingredientsList': rejected value [[]]; codes [NotEmpty.recipe.ingredientsList,NotEmpty.ingredientsList,NotEmpty.java.util.List,NotEmpty]; arguments [org.springframework.context.support.DefaultMessageSourceResolvable: codes [recipe.ingredientsList,ingredientsList]; arguments []; default message [ingredientsList]]; default message [must not be empty]] ]
17:17:28.287 WARN  o.s.w.s.m.s.DefaultHandlerExceptionResolver - Resolved [org.springframework.web.bind.MethodArgumentNotValidException: Validation failed for argument [2] in public org.springframework.http.ResponseEntity<?> recipes.controller.ApiController.updateRecipe(javax.servlet.http.HttpServletRequest,long,recipes.model.businessLayer.recipe.Recipe): [Field error in object 'recipe' on field 'directionsList': rejected value [[]]; codes [NotEmpty.recipe.directionsList,NotEmpty.directionsList,NotEmpty.java.util.List,NotEmpty]; arguments [org.springframework.context.support.DefaultMessageSourceResolvable: codes [recipe.directionsList,directionsList]; arguments []; default message [directionsList]]; default message [must not be empty]] ]
17:17:28.819 INFO  o.s.o.j.LocalContainerEntityManagerFactoryBean - Closing JPA EntityManagerFactory for persistence unit 'default'
17:17:28.820 INFO  com.zaxxer.hikari.HikariDataSource - HikariPool-2 - Shutdown initiated...
17:17:29.269 INFO  com.zaxxer.hikari.HikariDataSource - HikariPool-2 - Shutdown completed.
17:17:39.486 INFO  recipes.RecipesApplication - Starting RecipesApplication using Java 17.0.2 on DESKTOP-RQVHC9S with PID 9600 (started by Nik in C:\Users\Nik\IdeaProjects\Recipes3\Recipes\task)
17:17:39.487 INFO  recipes.RecipesApplication - No active profile set, falling back to default profiles: default
17:17:39.764 INFO  o.s.d.r.c.RepositoryConfigurationDelegate - Bootstrapping Spring Data JPA repositories in DEFAULT mode.
17:17:39.781 INFO  o.s.d.r.c.RepositoryConfigurationDelegate - Finished Spring Data repository scanning in 16 ms. Found 2 JPA repository interfaces.
17:17:39.851 INFO  o.s.b.w.e.tomcat.TomcatWebServer - Tomcat initialized with port(s): 8081 (http)
17:17:39.852 INFO  o.a.coyote.http11.Http11NioProtocol - Initializing ProtocolHandler ["http-nio-8081"]
17:17:39.852 INFO  o.a.catalina.core.StandardService - Starting service [Tomcat]
17:17:39.852 INFO  o.a.catalina.core.StandardEngine - Starting Servlet engine: [Apache Tomcat/9.0.54]
17:17:39.890 INFO  o.a.c.c.C.[Tomcat].[localhost].[/] - Initializing Spring embedded WebApplicationContext
17:17:39.890 INFO  o.s.b.w.s.c.ServletWebServerApplicationContext - Root WebApplicationContext: initialization completed in 401 ms
17:17:39.920 INFO  com.zaxxer.hikari.HikariDataSource - HikariPool-3 - Starting...
17:17:39.935 INFO  com.zaxxer.hikari.HikariDataSource - HikariPool-3 - Start completed.
17:17:39.935 INFO  o.s.b.a.h.H2ConsoleAutoConfiguration - H2 console available at '/h2-console'. Database available at 'jdbc:h2:file:../recipes_db'
17:17:39.974 INFO  o.h.jpa.internal.util.LogHelper - HHH000204: Processing PersistenceUnitInfo [name: default]
17:17:39.982 INFO  org.hibernate.dialect.Dialect - HHH000400: Using dialect: org.hibernate.dialect.H2Dialect
17:17:40.052 INFO  o.h.e.t.j.p.i.JtaPlatformInitiator - HHH000490: Using JtaPlatform implementation: [org.hibernate.engine.transaction.jta.platform.internal.NoJtaPlatform]
17:17:40.052 INFO  o.s.o.j.LocalContainerEntityManagerFactoryBean - Initialized JPA EntityManagerFactory for persistence unit 'default'
17:17:40.131 WARN  o.s.b.a.o.j.JpaBaseConfiguration$JpaWebConfiguration - spring.jpa.open-in-view is enabled by default. Therefore, database queries may be performed during view rendering. Explicitly configure spring.jpa.open-in-view to disable this warning
17:17:40.229 INFO  o.s.b.a.e.web.EndpointLinksResolver - Exposing 14 endpoint(s) beneath base path '/actuator'
17:17:40.237 INFO  o.s.s.web.DefaultSecurityFilterChain - Will secure any request with [org.springframework.security.web.context.request.async.WebAsyncManagerIntegrationFilter@1ca6323c, org.springframework.security.web.context.SecurityContextPersistenceFilter@3c67b7a9, org.springframework.security.web.header.HeaderWriterFilter@67d8e214, org.springframework.security.web.authentication.logout.LogoutFilter@488ae823, org.springframework.security.web.authentication.www.BasicAuthenticationFilter@3d123d10, org.springframework.security.web.savedrequest.RequestCacheAwareFilter@67b6cb6e, org.springframework.security.web.servletapi.SecurityContextHolderAwareRequestFilter@47de4dce, org.springframework.security.web.authentication.AnonymousAuthenticationFilter@27b89e0a, org.springframework.security.web.session.SessionManagementFilter@3c0640fa, org.springframework.security.web.access.ExceptionTranslationFilter@628721ba, org.springframework.security.web.access.intercept.FilterSecurityInterceptor@53e6c017]
17:17:40.300 INFO  o.a.coyote.http11.Http11NioProtocol - Starting ProtocolHandler ["http-nio-8081"]
17:17:40.303 INFO  o.s.b.w.e.tomcat.TomcatWebServer - Tomcat started on port(s): 8081 (http) with context path ''
17:17:40.307 INFO  recipes.RecipesApplication - Started RecipesApplication in 0.85 seconds (JVM running for 37.057)
17:17:40.314 INFO  o.a.c.c.C.[Tomcat].[localhost].[/] - Initializing Spring DispatcherServlet 'dispatcherServlet'
17:17:40.314 INFO  o.s.web.servlet.DispatcherServlet - Initializing Servlet 'dispatcherServlet'
17:17:40.316 INFO  o.s.web.servlet.DispatcherServlet - Completed initialization in 1 ms
17:17:41.833 INFO  o.s.o.j.LocalContainerEntityManagerFactoryBean - Closing JPA EntityManagerFactory for persistence unit 'default'
17:17:41.834 INFO  com.zaxxer.hikari.HikariDataSource - HikariPool-3 - Shutdown initiated...
17:17:41.834 INFO  com.zaxxer.hikari.HikariDataSource - HikariPool-3 - Shutdown completed.
